2019-08-08 20:02:06 INFO:rsuite:Project No title has structure compliant with current version of RSuite(v0.37.253).
2019-08-08 20:02:06 INFO:rsuite:Project No title started.
2019-08-08 20:02:07 INFO:rsuite:Puting project No title under SVN control ...
2019-08-08 20:02:08 INFO:rsuite:Added to svn: d:\WORKPL~1\Projects\WLOGSite\trunk\wlogblog\posts\NOTITL~1
2019-08-08 20:02:15 INFO:rsuite:Directory was added already to svn: d:\WORKPL~1\Projects\WLOGSite\trunk\wlogblog\posts\NOTITL~1
2019-08-08 20:02:16 INFO:rsuite:Property 'svn:ignore' set on d:\WORKPL~1\Projects\WLOGSite\trunk\wlogblog\posts\NOTITL~1
2019-08-08 20:02:17 INFO:rsuite:Added to svn: d:\WORKPL~1\Projects\WLOGSite\trunk\wlogblog\posts\NOTITL~1/.Rprofile
2019-08-08 20:02:18 INFO:rsuite:Added to svn: d:\WORKPL~1\Projects\WLOGSite\trunk\wlogblog\posts\NOTITL~1/config_templ.txt
2019-08-08 20:02:18 ERROR:rsuite:Failed to add d:\WORKPL~1\Projects\WLOGSite\trunk\wlogblog\posts\NOTITL~1/No title.Rproj to svn
2019-08-08 20:02:48 INFO:rsuite:Project 2019-08-08-No title has structure compliant with current version of RSuite(v0.37.253).
2019-08-08 20:02:48 INFO:rsuite:Project 2019-08-08-No title started.
2019-08-08 20:02:49 INFO:rsuite:Puting project 2019-08-08-No title under SVN control ...
2019-08-08 20:02:50 INFO:rsuite:Added to svn: d:\WORKPL~1\Projects\WLOGSite\trunk\wlogblog\posts\2019-0~1
2019-08-08 20:02:57 INFO:rsuite:Directory was added already to svn: d:\WORKPL~1\Projects\WLOGSite\trunk\wlogblog\posts\2019-0~1
2019-08-08 20:02:58 INFO:rsuite:Property 'svn:ignore' set on d:\WORKPL~1\Projects\WLOGSite\trunk\wlogblog\posts\2019-0~1
2019-08-08 20:02:59 INFO:rsuite:Added to svn: d:\WORKPL~1\Projects\WLOGSite\trunk\wlogblog\posts\2019-0~1/.Rprofile
2019-08-08 20:02:59 ERROR:rsuite:Failed to add d:\WORKPL~1\Projects\WLOGSite\trunk\wlogblog\posts\2019-0~1/2019-08-08-No title.Rproj to svn
2019-08-08 20:04:57 INFO:rsuite:Project 2019-08-08-No title has structure compliant with current version of RSuite(v0.37.253).
2019-08-08 20:04:57 INFO:rsuite:Project 2019-08-08-No title started.
2019-08-08 20:05:00 INFO:rsuite:Detecting repositories (for R 3.6)...
2019-08-08 20:05:04 INFO:rsuite:Will look for dependencies in ...
2019-08-08 20:05:04 INFO:rsuite:.          MRAN#1 = https://mran.microsoft.com/snapshot/2019-08-08 (win.binary, source)
2019-08-08 20:05:04 INFO:rsuite:Collecting project dependencies (for R 3.6)...
2019-08-08 20:05:04 INFO:rsuite:Resolving dependencies (for R 3.6)...
2019-08-08 20:05:16 INFO:rsuite:Following installed packages will be updated: logging
2019-08-08 20:05:16 INFO:rsuite:Detected 33 dependencies to install. Installing...
2019-08-08 20:08:39 INFO:rsuite:All dependencies successfully installed.
2019-08-08 21:17:14 INFO:rsuite:Project 2019-08-08-No title has structure compliant with current version of RSuite(v0.37.253).
2019-08-08 21:17:14 INFO:rsuite:Project 2019-08-08-No title started.
2019-08-08 21:17:14 INFO:rsuite:Detecting repositories (for R 3.6)...
2019-08-08 21:17:14 INFO:rsuite:Will look for dependencies in ...
2019-08-08 21:17:14 INFO:rsuite:.          MRAN#1 = https://mran.microsoft.com/snapshot/2019-08-08 (win.binary, source)
2019-08-08 21:17:14 INFO:rsuite:Collecting project dependencies (for R 3.6)...
2019-08-08 21:17:15 INFO:rsuite:Resolving dependencies (for R 3.6)...
2019-08-08 21:17:28 INFO:rsuite:Following installed packages will be updated: logging
2019-08-08 21:17:28 INFO:rsuite:Detected 33 dependencies to install. Installing...
2019-08-08 21:20:55 INFO:rsuite:All dependencies successfully installed.
