2019-08-09 07:26:14 ERROR:rsuite:Failed to copy template files.
2019-08-09 07:27:18 ERROR:rsuite:Failed to copy template files.
2019-08-09 07:28:22 INFO:rsuite:Project 2019-08-09-no-title has structure compliant with current version of RSuite(v0.37.253).
2019-08-09 07:28:23 INFO:rsuite:Project 2019-08-09-no-title started.
2019-08-09 07:29:24 ERROR:rsuite:Failed to copy template files.
2019-08-09 07:30:59 INFO:rsuite:Project 2019-08-09-reproducibility-with-r--tell-me-about-your-workflow-first has structure compliant with current version of RSuite(v0.37.253).
2019-08-09 07:30:59 INFO:rsuite:Project 2019-08-09-reproducibility-with-r--tell-me-about-your-workflow-first started.
2019-08-09 07:32:14 INFO:rsuite:Project 2019-08-09-reproducibility-with-r--tell-me-about-your-workflow-first has structure compliant with current version of RSuite(v0.37.253).
2019-08-09 07:32:14 INFO:rsuite:Project 2019-08-09-reproducibility-with-r--tell-me-about-your-workflow-first started.
2019-08-09 07:32:26 INFO:rsuite:Detecting repositories (for R 3.6)...
2019-08-09 07:32:30 INFO:rsuite:Will look for dependencies in ...
2019-08-09 07:32:30 INFO:rsuite:.          MRAN#1 = https://mran.microsoft.com/snapshot/2019-08-09 (win.binary, source)
2019-08-09 07:32:30 INFO:rsuite:Collecting project dependencies (for R 3.6)...
2019-08-09 07:32:31 INFO:rsuite:Resolving dependencies (for R 3.6)...
2019-08-09 07:32:49 INFO:rsuite:Following installed packages will be updated: logging
2019-08-09 07:32:49 INFO:rsuite:Detected 33 dependencies to install. Installing...
2019-08-09 07:40:22 INFO:rsuite:All dependencies successfully installed.
2019-08-09 07:47:23 INFO:rsuite:Project 2019-08-09-reproducibility-with-r--tell-me-about-your-workflow-first has structure compliant with current version of RSuite(v0.37.253).
2019-08-09 07:47:24 INFO:rsuite:Project 2019-08-09-reproducibility-with-r--tell-me-about-your-workflow-first started.
2019-08-09 07:47:24 INFO:rsuite:Detecting repositories (for R 3.6)...
2019-08-09 07:47:24 INFO:rsuite:Will look for dependencies in ...
2019-08-09 07:47:24 INFO:rsuite:.          MRAN#1 = https://mran.microsoft.com/snapshot/2019-08-09 (win.binary, source)
2019-08-09 07:47:24 INFO:rsuite:Collecting project dependencies (for R 3.6)...
2019-08-09 07:47:24 INFO:rsuite:Resolving dependencies (for R 3.6)...
2019-08-09 07:47:37 INFO:rsuite:Following installed packages will be updated: logging
2019-08-09 07:47:37 INFO:rsuite:Detected 33 dependencies to install. Installing...
2019-08-09 07:52:46 INFO:rsuite:All dependencies successfully installed.
2019-08-09 08:59:50 INFO:rsuite:Project 2019-08-09-docker-as-r-package-management-tool--pros-and-cons has structure compliant with current version of RSuite(v0.37.253).
2019-08-09 08:59:50 INFO:rsuite:Project 2019-08-09-docker-as-r-package-management-tool--pros-and-cons started.
2019-08-09 08:59:50 INFO:rsuite:Detecting repositories (for R 3.6)...
2019-08-09 08:59:50 INFO:rsuite:Will look for dependencies in ...
2019-08-09 08:59:50 INFO:rsuite:.          MRAN#1 = https://mran.microsoft.com/snapshot/2019-08-09 (win.binary, source)
2019-08-09 08:59:50 INFO:rsuite:Collecting project dependencies (for R 3.6)...
2019-08-09 08:59:50 INFO:rsuite:Resolving dependencies (for R 3.6)...
2019-08-09 09:00:02 INFO:rsuite:Following installed packages will be updated: logging
2019-08-09 09:00:02 INFO:rsuite:Detected 33 dependencies to install. Installing...
2019-08-09 09:03:06 INFO:rsuite:All dependencies successfully installed.
