2019-08-09 07:54:22 INFO::Rmd file updated --> rendering post
2019-08-09 07:54:22 INFO::--> path = D:/Workplace/Projects/WLOGSite/trunk/wlogblog/posts/2019-08-09-reproducibility-with-r--tell-me-about-your-workflow-first
2019-08-09 07:54:22 INFO::--> rendering
2019-08-09 07:54:25 INFO::--> error during rendering post
2019-08-09 07:54:25 INFO::Rmd file updated --> rendering post
2019-08-09 07:54:25 INFO::--> path = D:/Workplace/Projects/WLOGSite/trunk/wlogblog/posts/2019-08-09-reproducibility-with-r--tell-me-about-your-workflow-first
2019-08-09 07:54:25 INFO::--> rendering
2019-08-09 07:54:26 INFO::--> error during rendering post
2019-08-09 07:54:26 INFO::Rmd file updated --> rendering post
2019-08-09 07:54:26 INFO::--> path = D:/Workplace/Projects/WLOGSite/trunk/wlogblog/posts/2019-08-09-reproducibility-with-r--tell-me-about-your-workflow-first
2019-08-09 07:54:26 INFO::--> rendering
2019-08-09 07:54:27 INFO::--> error during rendering post
2019-08-09 07:54:27 INFO::Rmd file updated --> rendering post
2019-08-09 07:54:27 INFO::--> path = D:/Workplace/Projects/WLOGSite/trunk/wlogblog/posts/2019-08-09-reproducibility-with-r--tell-me-about-your-workflow-first
2019-08-09 07:54:27 INFO::--> rendering
2019-08-09 07:54:28 INFO::--> error during rendering post
2019-08-09 07:54:28 INFO::Rmd file updated --> rendering post
2019-08-09 07:54:28 INFO::--> path = D:/Workplace/Projects/WLOGSite/trunk/wlogblog/posts/2019-08-09-reproducibility-with-r--tell-me-about-your-workflow-first
2019-08-09 07:54:28 INFO::--> rendering
2019-08-09 07:54:29 INFO::--> error during rendering post
2019-08-09 07:54:29 INFO::Rmd file updated --> rendering post
2019-08-09 07:54:29 INFO::--> path = D:/Workplace/Projects/WLOGSite/trunk/wlogblog/posts/2019-08-09-reproducibility-with-r--tell-me-about-your-workflow-first
2019-08-09 07:54:29 INFO::--> rendering
2019-08-09 07:54:30 INFO::--> error during rendering post
2019-08-09 07:54:30 INFO::Rmd file updated --> rendering post
2019-08-09 07:54:30 INFO::--> path = D:/Workplace/Projects/WLOGSite/trunk/wlogblog/posts/2019-08-09-reproducibility-with-r--tell-me-about-your-workflow-first
2019-08-09 07:54:30 INFO::--> rendering
2019-08-09 07:54:31 INFO::--> error during rendering post
2019-08-09 07:54:31 INFO::Rmd file updated --> rendering post
2019-08-09 07:54:31 INFO::--> path = D:/Workplace/Projects/WLOGSite/trunk/wlogblog/posts/2019-08-09-reproducibility-with-r--tell-me-about-your-workflow-first
2019-08-09 07:54:31 INFO::--> rendering
2019-08-09 07:54:32 INFO::--> error during rendering post
2019-08-09 07:54:32 INFO::Rmd file updated --> rendering post
2019-08-09 07:54:32 INFO::--> path = D:/Workplace/Projects/WLOGSite/trunk/wlogblog/posts/2019-08-09-reproducibility-with-r--tell-me-about-your-workflow-first
2019-08-09 07:54:32 INFO::--> rendering
2019-08-09 07:54:33 INFO::--> error during rendering post
2019-08-09 07:54:33 INFO::Rmd file updated --> rendering post
2019-08-09 07:54:33 INFO::--> path = D:/Workplace/Projects/WLOGSite/trunk/wlogblog/posts/2019-08-09-reproducibility-with-r--tell-me-about-your-workflow-first
2019-08-09 07:54:33 INFO::--> rendering
2019-08-09 07:54:34 INFO::--> error during rendering post
2019-08-09 07:54:34 INFO::Rmd file updated --> rendering post
2019-08-09 07:54:34 INFO::--> path = D:/Workplace/Projects/WLOGSite/trunk/wlogblog/posts/2019-08-09-reproducibility-with-r--tell-me-about-your-workflow-first
2019-08-09 07:54:34 INFO::--> rendering
2019-08-09 07:54:35 INFO::--> error during rendering post
2019-08-09 07:54:35 INFO::Rmd file updated --> rendering post
2019-08-09 07:54:35 INFO::--> path = D:/Workplace/Projects/WLOGSite/trunk/wlogblog/posts/2019-08-09-reproducibility-with-r--tell-me-about-your-workflow-first
2019-08-09 07:54:35 INFO::--> rendering
2019-08-09 07:54:36 INFO::--> error during rendering post
2019-08-09 07:54:36 INFO::Rmd file updated --> rendering post
2019-08-09 07:54:36 INFO::--> path = D:/Workplace/Projects/WLOGSite/trunk/wlogblog/posts/2019-08-09-reproducibility-with-r--tell-me-about-your-workflow-first
2019-08-09 07:54:36 INFO::--> rendering
2019-08-09 07:54:37 INFO::--> error during rendering post
2019-08-09 07:54:37 INFO::Rmd file updated --> rendering post
2019-08-09 07:54:37 INFO::--> path = D:/Workplace/Projects/WLOGSite/trunk/wlogblog/posts/2019-08-09-reproducibility-with-r--tell-me-about-your-workflow-first
2019-08-09 07:54:37 INFO::--> rendering
2019-08-09 07:54:38 INFO::--> error during rendering post
2019-08-09 07:54:38 INFO::Rmd file updated --> rendering post
2019-08-09 07:54:38 INFO::--> path = D:/Workplace/Projects/WLOGSite/trunk/wlogblog/posts/2019-08-09-reproducibility-with-r--tell-me-about-your-workflow-first
2019-08-09 07:54:38 INFO::--> rendering
2019-08-09 07:54:39 INFO::--> error during rendering post
2019-08-09 07:54:39 INFO::Rmd file updated --> rendering post
2019-08-09 07:54:39 INFO::--> path = D:/Workplace/Projects/WLOGSite/trunk/wlogblog/posts/2019-08-09-reproducibility-with-r--tell-me-about-your-workflow-first
2019-08-09 07:54:39 INFO::--> rendering
2019-08-09 07:54:40 INFO::--> error during rendering post
2019-08-09 07:54:40 INFO::Rmd file updated --> rendering post
2019-08-09 07:54:40 INFO::--> path = D:/Workplace/Projects/WLOGSite/trunk/wlogblog/posts/2019-08-09-reproducibility-with-r--tell-me-about-your-workflow-first
2019-08-09 07:54:40 INFO::--> rendering
2019-08-09 07:54:40 INFO:rsuite:Installing postpkg (for R 3.6) ...
2019-08-09 07:54:41 DEBUG:rsuite:> cmd: D:\WORKPL~1\Tools\R\R-36~1.0\bin\x64\Rscript.exe --no-init-file --no-site-file -e ".Library <- NULL;.libPaths(c(new=c('D:/WORKPL~1/Projects/WLOGSite/trunk/wlogblog/posts/2019-0~1/DEPLOY~1/libs', 'D:/WORKPL~1/Projects/WLOGSite/trunk/wlogblog/posts/2019-0~1/DEPLOY~1/sbox'), Sys.getenv('R_LIBS_USER'), .Library.site));cat('Lib paths:\n');void <- lapply(.libPaths(), function(lp) { cat(paste0('\t', lp, '\n')) });tryCatch({  suppressWarnings({ library(methods);devtools::document(pkg='D:/WORKPL~1/Projects/WLOGSite/trunk/wlogblog/posts/2019-0~1/packages/postpkg', roclets=c('collate', 'namespace', 'rd'));if (compareVersion(as.character(packageVersion('devtools')), '2.0.0') < 0) {;  devtools::unload(pkg='D:/WORKPL~1/Projects/WLOGSite/trunk/wlogblog/posts/2019-0~1/packages/postpkg');  devtools::clean_dll(pkg='D:/WORKPL~1/Projects/WLOGSite/trunk/wlogblog/posts/2019-0~1/packages/postpkg'); } else {;  devtools::clean_dll(path='D:/WORKPL~1/Projects/WLOGSite/trunk/wlogblog/posts/2019-0~1/packages/postpkg');} });  cat(sprintf('~ done\n'))}, error = function(e) {  cat(sprintf('~ error:%s\n', e))})" 2>&1
2019-08-09 07:54:41 INFO::--> error during rendering post
2019-08-09 07:54:41 INFO::Rmd file updated --> rendering post
2019-08-09 07:54:41 INFO::--> path = D:/Workplace/Projects/WLOGSite/trunk/wlogblog/posts/2019-08-09-reproducibility-with-r--tell-me-about-your-workflow-first
2019-08-09 07:54:41 INFO::--> rendering
2019-08-09 07:54:42 DEBUG:rsuite:> Lib paths:
2019-08-09 07:54:42 DEBUG:rsuite:> 	D:/Workplace/Projects/WLOGSite/trunk/wlogblog/posts/2019-08-09-reproducibility-with-r--tell-me-about-your-workflow-first/deployment/libs
2019-08-09 07:54:42 DEBUG:rsuite:> 	D:/Workplace/Projects/WLOGSite/trunk/wlogblog/posts/2019-08-09-reproducibility-with-r--tell-me-about-your-workflow-first/deployment/sbox
2019-08-09 07:54:42 DEBUG:rsuite:> 	D:/Workplace/Tools/R/R-3.6.0/library
2019-08-09 07:54:42 INFO::--> error during rendering post
2019-08-09 07:54:42 INFO::Rmd file updated --> rendering post
2019-08-09 07:54:42 INFO::--> path = D:/Workplace/Projects/WLOGSite/trunk/wlogblog/posts/2019-08-09-reproducibility-with-r--tell-me-about-your-workflow-first
2019-08-09 07:54:42 INFO::--> rendering
2019-08-09 07:54:43 INFO::--> error during rendering post
2019-08-09 07:54:43 DEBUG:rsuite:> Updating postpkg documentation
2019-08-09 07:54:43 INFO::Rmd file updated --> rendering post
2019-08-09 07:54:43 INFO::--> path = D:/Workplace/Projects/WLOGSite/trunk/wlogblog/posts/2019-08-09-reproducibility-with-r--tell-me-about-your-workflow-first
2019-08-09 07:54:44 DEBUG:rsuite:> Writing NAMESPACE
2019-08-09 07:54:44 INFO::--> rendering
2019-08-09 07:54:44 DEBUG:rsuite:> Loading postpkg
2019-08-09 07:54:44 DEBUG:rsuite:> Writing NAMESPACE
2019-08-09 07:54:44 DEBUG:rsuite:> Writing postpkg_getLogger.Rd
2019-08-09 07:54:44 DEBUG:rsuite:> ~ done
2019-08-09 07:54:44 INFO:rsuite:Skipping vignettes building
2019-08-09 07:54:44 DEBUG:rsuite:> cmd: D:\WORKPL~1\Tools\R\R-36~1.0\bin\x64\Rscript.exe --no-init-file --no-site-file -e ".Library <- NULL;.libPaths(c(new=c('D:/WORKPL~1/Projects/WLOGSite/trunk/wlogblog/posts/2019-0~1/DEPLOY~1/sbox', 'D:/WORKPL~1/Projects/WLOGSite/trunk/wlogblog/posts/2019-0~1/DEPLOY~1/libs'), Sys.getenv('R_LIBS_USER'), .Library.site));cat('Lib paths:\n');void <- lapply(.libPaths(), function(lp) { cat(paste0('\t', lp, '\n')) });tryCatch({  suppressWarnings({ library(devtools);library(rstudioapi);.libPaths(new='D:/WORKPL~1/Projects/WLOGSite/trunk/wlogblog/posts/2019-0~1/DEPLOY~1/libs');setwd(dir='D:/WORKPL~1/Projects/WLOGSite/trunk/wlogblog/posts/2019-0~1/DEPLOY~1/libs');if (compareVersion(as.character(packageVersion('devtools')), '2.0.0') >= 0) { pkgbuild:::compile_rcpp_attributes(path='D:/WORKPL~1/Projects/WLOGSite/trunk/wlogblog/posts/2019-0~1/packages/postpkg') };ou_path <- build(quiet = F, pkg='D:/WORKPL~1/Projects/WLOGSite/trunk/wlogblog/posts/2019-0~1/packages/postpkg', path='D:/WORKPL~1/Projects/WLOGSite/trunk/wlogblog/posts/2019-0~1/DEPLOY~1/intrepo/bin/windows/contrib/3.6', binary='TRUE', vignettes = FALSE);save(ou_path, file='C:/Users/WITJAK~1/AppData/Local/Temp/RtmpERFYkx/file53b416da40b6.RData') });  cat(sprintf('~ done\n'))}, error = function(e) {  cat(sprintf('~ error:%s\n', e))})" 2>&1
2019-08-09 07:54:44 INFO::--> error during rendering post
2019-08-09 07:54:44 INFO::Rmd file updated --> rendering post
2019-08-09 07:54:44 INFO::--> path = D:/Workplace/Projects/WLOGSite/trunk/wlogblog/posts/2019-08-09-reproducibility-with-r--tell-me-about-your-workflow-first
2019-08-09 07:54:45 INFO::--> rendering
2019-08-09 07:54:45 DEBUG:rsuite:> Lib paths:
2019-08-09 07:54:45 DEBUG:rsuite:> 	D:/Workplace/Projects/WLOGSite/trunk/wlogblog/posts/2019-08-09-reproducibility-with-r--tell-me-about-your-workflow-first/deployment/sbox
2019-08-09 07:54:45 DEBUG:rsuite:> 	D:/Workplace/Projects/WLOGSite/trunk/wlogblog/posts/2019-08-09-reproducibility-with-r--tell-me-about-your-workflow-first/deployment/libs
2019-08-09 07:54:45 DEBUG:rsuite:> 	D:/Workplace/Tools/R/R-3.6.0/library
2019-08-09 07:54:45 INFO::--> error during rendering post
2019-08-09 07:54:46 INFO::Rmd file updated --> rendering post
2019-08-09 07:54:46 INFO::--> path = D:/Workplace/Projects/WLOGSite/trunk/wlogblog/posts/2019-08-09-reproducibility-with-r--tell-me-about-your-workflow-first
2019-08-09 07:54:46 INFO::--> rendering
2019-08-09 07:54:46 INFO::--> error during rendering post
2019-08-09 07:54:46 INFO::Rmd file updated --> rendering post
2019-08-09 07:54:47 INFO::--> path = D:/Workplace/Projects/WLOGSite/trunk/wlogblog/posts/2019-08-09-reproducibility-with-r--tell-me-about-your-workflow-first
2019-08-09 07:54:47 INFO::--> rendering
2019-08-09 07:54:47 INFO::--> error during rendering post
2019-08-09 07:54:47 INFO::Rmd file updated --> rendering post
2019-08-09 07:54:48 INFO::--> path = D:/Workplace/Projects/WLOGSite/trunk/wlogblog/posts/2019-08-09-reproducibility-with-r--tell-me-about-your-workflow-first
2019-08-09 07:54:48 INFO::--> rendering
2019-08-09 07:54:49 INFO::--> error during rendering post
2019-08-09 07:54:49 INFO::Rmd file updated --> rendering post
2019-08-09 07:54:49 INFO::--> path = D:/Workplace/Projects/WLOGSite/trunk/wlogblog/posts/2019-08-09-reproducibility-with-r--tell-me-about-your-workflow-first
2019-08-09 07:54:49 INFO::--> rendering
2019-08-09 07:54:50 DEBUG:rsuite:> [90m-[39m[90m  [39m[90minstalling to library 'C:/Users/WitJakuczun/AppData/Local/Temp/RtmpSqMxjH/temp_libpath199c53aa71f0'[39m[36m[36m (1.1s)[36m[39m
2019-08-09 07:54:50 DEBUG:rsuite:> [90m-[39m[90m  [39m[90minstalling *source* package 'postpkg' ...[39m[36m[39m
2019-08-09 07:54:50 DEBUG:rsuite:>    ** using staged installation
2019-08-09 07:54:50 DEBUG:rsuite:>    ** R
2019-08-09 07:54:50 INFO::--> error during rendering post
2019-08-09 07:54:50 DEBUG:rsuite:>    ** byte-compile and prepare package for lazy loading
2019-08-09 07:54:50 INFO::Rmd file updated --> rendering post
2019-08-09 07:54:50 INFO::--> path = D:/Workplace/Projects/WLOGSite/trunk/wlogblog/posts/2019-08-09-reproducibility-with-r--tell-me-about-your-workflow-first
2019-08-09 07:54:50 INFO::--> rendering
2019-08-09 07:54:51 INFO::--> error during rendering post
2019-08-09 07:54:51 INFO::Rmd file updated --> rendering post
2019-08-09 07:54:51 INFO::--> path = D:/Workplace/Projects/WLOGSite/trunk/wlogblog/posts/2019-08-09-reproducibility-with-r--tell-me-about-your-workflow-first
2019-08-09 07:54:51 INFO::--> rendering
2019-08-09 07:54:52 DEBUG:rsuite:>    ** help
2019-08-09 07:54:52 DEBUG:rsuite:>    *** installing help indices
2019-08-09 07:54:52 INFO::--> error during rendering post
2019-08-09 07:54:53 DEBUG:rsuite:>    converting help for package
2019-08-09 07:54:53 DEBUG:rsuite:>    converting help for package     finding HTML links ...
2019-08-09 07:54:52 INFO::Rmd file updated --> rendering post
2019-08-09 07:54:53 DEBUG:rsuite:>      converting help for package     finding HTML links ...'postpkg'
2019-08-09 07:54:53 INFO::--> path = D:/Workplace/Projects/WLOGSite/trunk/wlogblog/posts/2019-08-09-reproducibility-with-r--tell-me-about-your-workflow-first
2019-08-09 07:54:53 INFO::--> rendering
2019-08-09 07:54:53 DEBUG:rsuite:>     done
2019-08-09 07:54:53 DEBUG:rsuite:>      postpkg_getLogger                       html
2019-08-09 07:54:53 DEBUG:rsuite:>        postpkg_getLogger                       html
2019-08-09 07:54:53 DEBUG:rsuite:>    ** building package indices
2019-08-09 07:54:53 DEBUG:rsuite:>    ** testing if installed package can be loaded from temporary location
2019-08-09 07:54:54 DEBUG:rsuite:>    ** testing if installed package can be loaded from final location
2019-08-09 07:54:54 INFO::--> error during rendering post
2019-08-09 07:54:54 INFO::Rmd file updated --> rendering post
2019-08-09 07:54:54 INFO::--> path = D:/Workplace/Projects/WLOGSite/trunk/wlogblog/posts/2019-08-09-reproducibility-with-r--tell-me-about-your-workflow-first
2019-08-09 07:54:54 INFO::--> rendering
2019-08-09 07:54:54 DEBUG:rsuite:>    ** testing if installed package keeps a record of temporary installation path
2019-08-09 07:54:54 DEBUG:rsuite:> [90m-[39m[90m  [39m[90mMD5 sums[39m[36m[39m
2019-08-09 07:54:55 DEBUG:rsuite:>    packaged installation of 'postpkg' as postpkg_0.1.zip
2019-08-09 07:54:55 DEBUG:rsuite:> [90m-[39m[90m  [39m[90mDONE (postpkg)[39m[36m[39m
2019-08-09 07:54:55 DEBUG:rsuite:> ~ done
2019-08-09 07:54:55 DEBUG:rsuite:> cmd: D:\WORKPL~1\Tools\R\R-36~1.0\bin\x64\Rscript.exe --no-init-file --no-site-file -e ".Library <- NULL;.libPaths(c(new=NULL, Sys.getenv('R_LIBS_USER'), .Library.site));cat('Lib paths:\n');void <- lapply(.libPaths(), function(lp) { cat(paste0('\t', lp, '\n')) });tryCatch({  suppressWarnings({ setwd(dir='D:/WORKPL~1/Projects/WLOGSite/trunk/wlogblog/posts/2019-0~1/DEPLOY~1/libs');utils::install.packages(lib='D:/WORKPL~1/Projects/WLOGSite/trunk/wlogblog/posts/2019-0~1/DEPLOY~1/libs', quiet = FALSE, type='source', repos=NULL, pkgs='D:/WORKPL~1/Projects/WLOGSite/trunk/wlogblog/posts/2019-0~1/DEPLOY~1/intrepo/bin/windows/contrib/3.6/postpkg_0.1.zip', configure_vars=NULL, configure_args=NULL, INSTALL_opts=NULL) });  cat(sprintf('~ done\n'))}, error = function(e) {  cat(sprintf('~ error:%s\n', e))})" 2>&1
2019-08-09 07:54:55 INFO::--> error during rendering post
2019-08-09 07:54:55 INFO::Rmd file updated --> rendering post
2019-08-09 07:54:55 INFO::--> path = D:/Workplace/Projects/WLOGSite/trunk/wlogblog/posts/2019-08-09-reproducibility-with-r--tell-me-about-your-workflow-first
2019-08-09 07:54:55 INFO::--> rendering
2019-08-09 07:54:56 DEBUG:rsuite:> Lib paths:
2019-08-09 07:54:56 DEBUG:rsuite:> 	D:/Workplace/Tools/R/R-3.6.0/library
2019-08-09 07:54:56 INFO::--> error during rendering post
2019-08-09 07:54:56 INFO::Rmd file updated --> rendering post
2019-08-09 07:54:56 INFO::--> path = D:/Workplace/Projects/WLOGSite/trunk/wlogblog/posts/2019-08-09-reproducibility-with-r--tell-me-about-your-workflow-first
2019-08-09 07:54:56 INFO::--> rendering
2019-08-09 07:54:57 DEBUG:rsuite:> package 'postpkg' successfully unpacked and MD5 sums checked
2019-08-09 07:54:57 DEBUG:rsuite:> ~ done
2019-08-09 07:54:57 INFO:rsuite:Successfuly installed 1 packages
2019-08-09 07:54:58 INFO::--> error during rendering post
2019-08-09 07:54:59 INFO::Rmd file updated --> rendering post
2019-08-09 07:54:59 INFO::--> path = D:/Workplace/Projects/WLOGSite/trunk/wlogblog/posts/2019-08-09-reproducibility-with-r--tell-me-about-your-workflow-first
2019-08-09 07:54:59 INFO::--> rendering
2019-08-09 07:55:00 INFO::--> error during rendering post
2019-08-09 07:55:01 INFO::Rmd file updated --> rendering post
2019-08-09 07:55:01 INFO::--> path = D:/Workplace/Projects/WLOGSite/trunk/wlogblog/posts/2019-08-09-reproducibility-with-r--tell-me-about-your-workflow-first
2019-08-09 07:55:01 INFO::--> rendering
2019-08-09 07:55:02 INFO::--> error during rendering post
2019-08-09 07:55:02 INFO::Rmd file updated --> rendering post
2019-08-09 07:55:02 INFO::--> path = D:/Workplace/Projects/WLOGSite/trunk/wlogblog/posts/2019-08-09-reproducibility-with-r--tell-me-about-your-workflow-first
2019-08-09 07:55:02 INFO::--> rendering
2019-08-09 07:55:04 INFO::--> error during rendering post
2019-08-09 07:55:04 INFO::Rmd file updated --> rendering post
2019-08-09 07:55:04 INFO::--> path = D:/Workplace/Projects/WLOGSite/trunk/wlogblog/posts/2019-08-09-reproducibility-with-r--tell-me-about-your-workflow-first
2019-08-09 07:55:04 INFO::--> rendering
2019-08-09 07:55:06 INFO::--> error during rendering post
2019-08-09 07:55:06 INFO::Rmd file updated --> rendering post
2019-08-09 07:55:06 INFO::--> path = D:/Workplace/Projects/WLOGSite/trunk/wlogblog/posts/2019-08-09-reproducibility-with-r--tell-me-about-your-workflow-first
2019-08-09 07:55:06 INFO::--> rendering
2019-08-09 07:55:07 INFO::--> error during rendering post
2019-08-09 07:55:07 INFO::Rmd file updated --> rendering post
2019-08-09 07:55:08 INFO::--> path = D:/Workplace/Projects/WLOGSite/trunk/wlogblog/posts/2019-08-09-reproducibility-with-r--tell-me-about-your-workflow-first
2019-08-09 07:55:08 INFO::--> rendering
2019-08-09 07:55:09 INFO::--> error during rendering post
2019-08-09 07:55:09 INFO::Rmd file updated --> rendering post
2019-08-09 07:55:09 INFO::--> path = D:/Workplace/Projects/WLOGSite/trunk/wlogblog/posts/2019-08-09-reproducibility-with-r--tell-me-about-your-workflow-first
2019-08-09 07:55:09 INFO::--> rendering
2019-08-09 07:55:11 INFO::--> error during rendering post
2019-08-09 07:55:11 INFO::Rmd file updated --> rendering post
2019-08-09 07:55:11 INFO::--> path = D:/Workplace/Projects/WLOGSite/trunk/wlogblog/posts/2019-08-09-reproducibility-with-r--tell-me-about-your-workflow-first
2019-08-09 07:55:11 INFO::--> rendering
2019-08-09 07:55:12 INFO::--> error during rendering post
2019-08-09 07:55:12 INFO::Rmd file updated --> rendering post
2019-08-09 07:55:13 INFO::--> path = D:/Workplace/Projects/WLOGSite/trunk/wlogblog/posts/2019-08-09-reproducibility-with-r--tell-me-about-your-workflow-first
2019-08-09 07:55:13 INFO::--> rendering
2019-08-09 07:55:14 INFO::--> error during rendering post
2019-08-09 07:55:14 INFO::Rmd file updated --> rendering post
2019-08-09 07:55:14 INFO::--> path = D:/Workplace/Projects/WLOGSite/trunk/wlogblog/posts/2019-08-09-reproducibility-with-r--tell-me-about-your-workflow-first
2019-08-09 07:55:14 INFO::--> rendering
2019-08-09 07:55:15 INFO::--> error during rendering post
2019-08-09 07:55:15 INFO::Rmd file updated --> rendering post
2019-08-09 07:55:16 INFO::--> path = D:/Workplace/Projects/WLOGSite/trunk/wlogblog/posts/2019-08-09-reproducibility-with-r--tell-me-about-your-workflow-first
2019-08-09 07:55:16 INFO::--> rendering
2019-08-09 07:55:17 INFO::--> error during rendering post
2019-08-09 07:55:17 INFO::Rmd file updated --> rendering post
2019-08-09 07:55:17 INFO::--> path = D:/Workplace/Projects/WLOGSite/trunk/wlogblog/posts/2019-08-09-reproducibility-with-r--tell-me-about-your-workflow-first
2019-08-09 07:55:17 INFO::--> rendering
2019-08-09 07:55:19 INFO::--> error during rendering post
2019-08-09 07:55:19 INFO::Rmd file updated --> rendering post
2019-08-09 07:55:19 INFO::--> path = D:/Workplace/Projects/WLOGSite/trunk/wlogblog/posts/2019-08-09-reproducibility-with-r--tell-me-about-your-workflow-first
2019-08-09 07:55:19 INFO::--> rendering
2019-08-09 07:55:20 INFO::--> error during rendering post
2019-08-09 07:55:20 INFO::Rmd file updated --> rendering post
2019-08-09 07:55:21 INFO::--> path = D:/Workplace/Projects/WLOGSite/trunk/wlogblog/posts/2019-08-09-reproducibility-with-r--tell-me-about-your-workflow-first
2019-08-09 07:55:21 INFO::--> rendering
2019-08-09 07:56:01 INFO::Rmd file updated --> rendering post
2019-08-09 07:56:01 INFO::--> path = D:/Workplace/Projects/WLOGSite/trunk/wlogblog/posts/2019-08-09-reproducibility-with-r--tell-me-about-your-workflow-first
2019-08-09 07:56:01 INFO::--> rendering
2019-08-09 07:56:04 INFO::--> error during rendering post
2019-08-09 07:56:04 INFO::Rmd file updated --> rendering post
2019-08-09 07:56:04 INFO::--> path = D:/Workplace/Projects/WLOGSite/trunk/wlogblog/posts/2019-08-09-reproducibility-with-r--tell-me-about-your-workflow-first
2019-08-09 07:56:04 INFO::--> rendering
2019-08-09 07:56:52 INFO::Rmd file updated --> rendering post
2019-08-09 07:56:52 INFO::--> path = D:/Workplace/Projects/WLOGSite/trunk/wlogblog/posts/2019-08-09-reproducibility-with-r--tell-me-about-your-workflow-first
2019-08-09 07:56:52 INFO::--> rendering
2019-08-09 07:56:56 INFO::--> error during rendering post
2019-08-09 07:56:56 INFO::Rmd file updated --> rendering post
2019-08-09 07:56:56 INFO::--> path = D:/Workplace/Projects/WLOGSite/trunk/wlogblog/posts/2019-08-09-reproducibility-with-r--tell-me-about-your-workflow-first
2019-08-09 07:56:57 INFO::--> rendering
2019-08-09 07:58:18 INFO::Rmd file updated --> rendering post
2019-08-09 07:58:18 INFO::--> path = D:/Workplace/Projects/WLOGSite/trunk/wlogblog/posts/2019-08-09-reproducibility-with-r--tell-me-about-your-workflow-first
2019-08-09 07:58:18 INFO::--> rendering
2019-08-09 08:13:54 INFO::Rmd file updated --> rendering post
2019-08-09 08:13:54 INFO::--> path = D:/Workplace/Projects/WLOGSite/trunk/wlogblog/posts/2019-08-09-reproducibility-with-r--tell-me-about-your-workflow-first
2019-08-09 08:13:55 INFO::--> rendering
2019-08-09 08:17:38 INFO::Rmd file updated --> rendering post
2019-08-09 08:17:38 INFO::--> path = D:/Workplace/Projects/WLOGSite/trunk/wlogblog/posts/2019-08-09-reproducibility-with-r--tell-me-about-your-workflow-first
2019-08-09 08:17:38 INFO::--> rendering
2019-08-09 08:17:43 INFO::--> error during rendering post
2019-08-09 08:17:43 INFO::Rmd file updated --> rendering post
2019-08-09 08:17:43 INFO::--> path = D:/Workplace/Projects/WLOGSite/trunk/wlogblog/posts/2019-08-09-reproducibility-with-r--tell-me-about-your-workflow-first
2019-08-09 08:17:43 INFO::--> rendering
2019-08-09 08:17:45 INFO::--> error during rendering post
2019-08-09 08:17:45 INFO::Rmd file updated --> rendering post
2019-08-09 08:17:45 INFO::--> path = D:/Workplace/Projects/WLOGSite/trunk/wlogblog/posts/2019-08-09-reproducibility-with-r--tell-me-about-your-workflow-first
2019-08-09 08:17:45 INFO::--> rendering
2019-08-09 08:17:47 INFO::--> error during rendering post
2019-08-09 08:17:47 INFO::Rmd file updated --> rendering post
2019-08-09 08:17:47 INFO::--> path = D:/Workplace/Projects/WLOGSite/trunk/wlogblog/posts/2019-08-09-reproducibility-with-r--tell-me-about-your-workflow-first
2019-08-09 08:17:47 INFO::--> rendering
2019-08-09 08:17:49 INFO::--> error during rendering post
2019-08-09 08:17:49 INFO::Rmd file updated --> rendering post
2019-08-09 08:17:49 INFO::--> path = D:/Workplace/Projects/WLOGSite/trunk/wlogblog/posts/2019-08-09-reproducibility-with-r--tell-me-about-your-workflow-first
2019-08-09 08:17:49 INFO::--> rendering
2019-08-09 08:18:26 INFO::Rmd file updated --> rendering post
2019-08-09 08:18:26 INFO::--> path = D:/Workplace/Projects/WLOGSite/trunk/wlogblog/posts/2019-08-09-reproducibility-with-r--tell-me-about-your-workflow-first
2019-08-09 08:39:00 INFO::Rmd file updated --> rendering post
2019-08-09 08:39:00 INFO::--> path = D:/Workplace/Projects/WLOGSite/trunk/wlogblog/posts/2019-08-09-reproducibility-with-r--tell-me-about-your-workflow-first
2019-08-09 08:39:01 INFO::--> rendering
2019-08-09 08:40:13 INFO::Rmd file updated --> rendering post
2019-08-09 08:40:13 INFO::--> path = D:/Workplace/Projects/WLOGSite/trunk/wlogblog/posts/2019-08-09-reproducibility-with-r--tell-me-about-your-workflow-first
2019-08-09 08:40:13 INFO::--> rendering
2019-08-09 08:42:10 INFO::Rmd file updated --> rendering post
2019-08-09 08:42:10 INFO::--> path = D:/Workplace/Projects/WLOGSite/trunk/wlogblog/posts/2019-08-09-reproducibility-with-r--tell-me-about-your-workflow-first
2019-08-09 08:42:10 INFO::--> rendering
2019-08-09 08:43:08 INFO::Rmd file updated --> rendering post
2019-08-09 08:43:08 INFO::--> path = D:/Workplace/Projects/WLOGSite/trunk/wlogblog/posts/2019-08-09-reproducibility-with-r--tell-me-about-your-workflow-first
2019-08-09 08:43:08 INFO::--> rendering
2019-08-09 08:43:32 INFO::Rmd file updated --> rendering post
2019-08-09 08:43:32 INFO::--> path = D:/Workplace/Projects/WLOGSite/trunk/wlogblog/posts/2019-08-09-reproducibility-with-r--tell-me-about-your-workflow-first
2019-08-09 08:43:32 INFO::--> rendering
2019-08-09 08:47:29 INFO::Rmd file updated --> rendering post
2019-08-09 08:47:29 INFO::--> path = D:/Workplace/Projects/WLOGSite/trunk/wlogblog/posts/2019-08-09-reproducibility-with-r--tell-me-about-your-workflow-first
2019-08-09 08:47:29 INFO::--> rendering
2019-08-09 08:47:52 INFO::Rmd file updated --> rendering post
2019-08-09 08:47:52 INFO::--> path = D:/Workplace/Projects/WLOGSite/trunk/wlogblog/posts/2019-08-09-reproducibility-with-r--tell-me-about-your-workflow-first
2019-08-09 08:47:52 INFO::--> rendering
2019-08-09 08:49:37 INFO::Rmd file updated --> rendering post
2019-08-09 08:49:37 INFO::--> path = D:/Workplace/Projects/WLOGSite/trunk/wlogblog/posts/2019-08-09-reproducibility-with-r--tell-me-about-your-workflow-first
2019-08-09 08:49:37 INFO::--> rendering
2019-08-09 08:49:42 INFO::--> error during rendering post
2019-08-09 08:53:16 INFO::Rmd file updated --> rendering post
2019-08-09 08:53:16 INFO::--> path = D:/Workplace/Projects/WLOGSite/trunk/wlogblog/posts/2019-08-09-reproducibility-with-r--tell-me-about-your-workflow-first
2019-08-09 08:53:16 INFO::--> rendering
2019-08-09 08:53:21 INFO::--> error during rendering post
2019-08-09 08:53:50 INFO::Rmd file updated --> rendering post
2019-08-09 08:53:50 INFO::--> path = D:/Workplace/Projects/WLOGSite/trunk/wlogblog/posts/2019-08-09-reproducibility-with-r--tell-me-about-your-workflow-first
2019-08-09 08:53:50 INFO::--> rendering
2019-08-09 08:58:16 INFO::Rmd file updated --> rendering post
2019-08-09 08:58:16 INFO::--> path = D:/Workplace/Projects/WLOGSite/trunk/wlogblog/posts/2019-08-09-reproducibility-with-r--tell-me-about-your-workflow-first
2019-08-09 08:58:16 INFO::--> rendering
